2024-02-13 18:57:12,352 [Worker-1: Loading available Gradle versions] INFO  o.e.b.c.i.u.g.PublishedGradleVersions - Gradle version information cache is up-to-date. Trying to read.
2024-02-13 18:59:51,128 [Worker-0: Import Getting Started Content] INFO  o.e.m.c.i.l.LifecycleMappingFactory - Using org.eclipse.m2e.jdt.JarLifecycleMapping lifecycle mapping for MavenProject: com.blog:simple-blog:0.0.1-SNAPSHOT @ D:\BER\KAIST\SEM6\PEMROGRAMAN PL BERORIENTASI OBJEK 3\tugas1\LASTBENERANDRAWAL\simple-blog\pom.xml.
2024-02-13 18:59:54,876 [Worker-0: Import Getting Started Content] INFO  o.e.m.j.i.AbstractJavaProjectConfigurator - Adding source folder /simple-blog/src/main/java
2024-02-13 18:59:54,876 [Worker-0: Import Getting Started Content] INFO  o.e.m.j.i.AbstractJavaProjectConfigurator - Adding resource folder /simple-blog/src/main/resources
2024-02-13 18:59:54,880 [Worker-0: Import Getting Started Content] INFO  o.e.m.j.i.AbstractJavaProjectConfigurator - Adding resource folder /simple-blog/src/main/resources
2024-02-13 18:59:54,885 [Worker-0: Import Getting Started Content] INFO  o.e.m.j.i.AbstractJavaProjectConfigurator - Adding source folder /simple-blog/src/test/java
2024-02-13 18:59:54,885 [Worker-0: Import Getting Started Content] INFO  o.e.m.j.i.AbstractJavaProjectConfigurator - Adding resource folder /simple-blog/src/test/resources
2024-02-13 18:59:57,253 [Worker-0: Import Getting Started Content] INFO  o.e.m.c.i.p.ProjectConfigurationManager - Imported and configured 1 project(s) in 17 sec
2024-02-13 18:59:57,261 [Worker-0: Import Getting Started Content] INFO  o.e.m.c.i.p.ProjectConfigurationManager - Update started
2024-02-13 18:59:58,354 [Worker-0: Import Getting Started Content] INFO  o.e.m.c.i.l.LifecycleMappingFactory - Using org.eclipse.m2e.jdt.JarLifecycleMapping lifecycle mapping for MavenProject: com.blog:simple-blog:0.0.1-SNAPSHOT @ D:\BER\KAIST\SEM6\PEMROGRAMAN PL BERORIENTASI OBJEK 3\tugas1\LASTBENERANDRAWAL\simple-blog\pom.xml.
2024-02-13 18:59:59,731 [Worker-0: Import Getting Started Content] INFO  o.e.m.j.i.AbstractJavaProjectConfigurator - Adding source folder /simple-blog/src/main/java
2024-02-13 18:59:59,735 [Worker-0: Import Getting Started Content] INFO  o.e.m.j.i.AbstractJavaProjectConfigurator - Adding resource folder /simple-blog/src/main/resources
2024-02-13 18:59:59,736 [Worker-0: Import Getting Started Content] INFO  o.e.m.j.i.AbstractJavaProjectConfigurator - Adding resource folder /simple-blog/src/main/resources
2024-02-13 18:59:59,737 [Worker-0: Import Getting Started Content] INFO  o.e.m.j.i.AbstractJavaProjectConfigurator - Adding source folder /simple-blog/src/test/java
2024-02-13 18:59:59,738 [Worker-0: Import Getting Started Content] INFO  o.e.m.j.i.AbstractJavaProjectConfigurator - Adding resource folder /simple-blog/src/test/resources
2024-02-13 19:00:02,212 [Worker-0: Import Getting Started Content] INFO  o.e.m.c.i.p.ProjectConfigurationManager - Update completed for 1 poms: local refresh takes 0.00 sec, refresh facades takes 2.00 sec, update config takes 0.00 sec 
2024-02-13 19:00:12,336 [Worker-9: Building] INFO  o.a.m.s.f.DefaultMavenResourcesFiltering - Copying 1 resource from src\main\resources to target\classes
2024-02-13 19:00:12,466 [Worker-9: Building] INFO  o.a.m.s.f.DefaultMavenResourcesFiltering - Copying 0 resource from src\main\resources to target\classes
2024-02-13 19:00:12,489 [Worker-9: Building] INFO  o.a.m.s.f.DefaultMavenResourcesFiltering - skip non existing resourceDirectory D:\BER\KAIST\SEM6\PEMROGRAMAN PL BERORIENTASI OBJEK 3\tugas1\LASTBENERANDRAWAL\simple-blog\src\test\resources
2024-02-13 19:06:18,564 [Worker-11: Building] INFO  o.a.m.s.f.DefaultMavenResourcesFiltering - Copying 1 resource from src\main\resources to target\classes
2024-02-13 19:06:19,069 [Worker-11: Building] INFO  o.a.m.s.f.DefaultMavenResourcesFiltering - Copying 0 resource from src\main\resources to target\classes
2024-02-13 19:06:19,075 [Worker-11: Building] INFO  o.a.m.s.f.DefaultMavenResourcesFiltering - skip non existing resourceDirectory D:\BER\KAIST\SEM6\PEMROGRAMAN PL BERORIENTASI OBJEK 3\tugas1\LASTBENERANDRAWAL\simple-blog\src\test\resources
2024-02-13 19:06:44,155 [Worker-13: Building] INFO  o.a.m.s.f.DefaultMavenResourcesFiltering - Copying 1 resource from src\main\resources to target\classes
2024-02-13 19:06:44,331 [Worker-13: Building] INFO  o.a.m.s.f.DefaultMavenResourcesFiltering - Copying 0 resource from src\main\resources to target\classes
2024-02-13 19:06:44,336 [Worker-13: Building] INFO  o.a.m.s.f.DefaultMavenResourcesFiltering - skip non existing resourceDirectory D:\BER\KAIST\SEM6\PEMROGRAMAN PL BERORIENTASI OBJEK 3\tugas1\LASTBENERANDRAWAL\simple-blog\src\test\resources
2024-02-13 19:12:14,957 [Worker-16: Building] INFO  o.a.m.s.f.DefaultMavenResourcesFiltering - Copying 1 resource from src\main\resources to target\classes
2024-02-13 19:12:15,017 [Worker-16: Building] INFO  o.a.m.s.f.DefaultMavenResourcesFiltering - Copying 0 resource from src\main\resources to target\classes
2024-02-13 19:12:15,022 [Worker-16: Building] INFO  o.a.m.s.f.DefaultMavenResourcesFiltering - skip non existing resourceDirectory D:\BER\KAIST\SEM6\PEMROGRAMAN PL BERORIENTASI OBJEK 3\tugas1\LASTBENERANDRAWAL\simple-blog\src\test\resources
2024-02-13 19:14:55,107 [Worker-16: Building] INFO  o.a.m.s.f.DefaultMavenResourcesFiltering - Copying 1 resource from src\main\resources to target\classes
2024-02-13 19:14:55,135 [Worker-16: Building] INFO  o.a.m.s.f.DefaultMavenResourcesFiltering - Copying 0 resource from src\main\resources to target\classes
2024-02-13 19:14:55,142 [Worker-16: Building] INFO  o.a.m.s.f.DefaultMavenResourcesFiltering - skip non existing resourceDirectory D:\BER\KAIST\SEM6\PEMROGRAMAN PL BERORIENTASI OBJEK 3\tugas1\LASTBENERANDRAWAL\simple-blog\src\test\resources
2024-02-13 19:17:08,091 [Worker-17: Building] INFO  o.a.m.s.f.DefaultMavenResourcesFiltering - Copying 1 resource from src\main\resources to target\classes
2024-02-13 19:17:08,588 [Worker-17: Building] INFO  o.a.m.s.f.DefaultMavenResourcesFiltering - Copying 0 resource from src\main\resources to target\classes
2024-02-13 19:17:08,600 [Worker-17: Building] INFO  o.a.m.s.f.DefaultMavenResourcesFiltering - skip non existing resourceDirectory D:\BER\KAIST\SEM6\PEMROGRAMAN PL BERORIENTASI OBJEK 3\tugas1\LASTBENERANDRAWAL\simple-blog\src\test\resources
2024-02-13 19:19:36,797 [Worker-17: Building] INFO  o.a.m.s.f.DefaultMavenResourcesFiltering - Copying 1 resource from src\main\resources to target\classes
2024-02-13 19:19:36,870 [Worker-17: Building] INFO  o.a.m.s.f.DefaultMavenResourcesFiltering - Copying 0 resource from src\main\resources to target\classes
2024-02-13 19:19:36,878 [Worker-17: Building] INFO  o.a.m.s.f.DefaultMavenResourcesFiltering - skip non existing resourceDirectory D:\BER\KAIST\SEM6\PEMROGRAMAN PL BERORIENTASI OBJEK 3\tugas1\LASTBENERANDRAWAL\simple-blog\src\test\resources
2024-02-13 19:30:49,825 [Worker-25: Building] INFO  o.a.m.s.f.DefaultMavenResourcesFiltering - Copying 1 resource from src\main\resources to target\classes
2024-02-13 19:30:49,958 [Worker-25: Building] INFO  o.a.m.s.f.DefaultMavenResourcesFiltering - Copying 0 resource from src\main\resources to target\classes
2024-02-13 19:30:49,977 [Worker-25: Building] INFO  o.a.m.s.f.DefaultMavenResourcesFiltering - skip non existing resourceDirectory D:\BER\KAIST\SEM6\PEMROGRAMAN PL BERORIENTASI OBJEK 3\tugas1\LASTBENERANDRAWAL\simple-blog\src\test\resources
2024-02-13 19:33:56,074 [Worker-19: Building] INFO  o.a.m.s.f.DefaultMavenResourcesFiltering - Copying 1 resource from src\main\resources to target\classes
2024-02-13 19:33:56,201 [Worker-19: Building] INFO  o.a.m.s.f.DefaultMavenResourcesFiltering - Copying 0 resource from src\main\resources to target\classes
2024-02-13 19:33:56,206 [Worker-19: Building] INFO  o.a.m.s.f.DefaultMavenResourcesFiltering - skip non existing resourceDirectory D:\BER\KAIST\SEM6\PEMROGRAMAN PL BERORIENTASI OBJEK 3\tugas1\LASTBENERANDRAWAL\simple-blog\src\test\resources
2024-02-13 19:35:11,270 [Worker-30: Building] INFO  o.a.m.s.f.DefaultMavenResourcesFiltering - Copying 1 resource from src\main\resources to target\classes
2024-02-13 19:35:11,446 [Worker-30: Building] INFO  o.a.m.s.f.DefaultMavenResourcesFiltering - Copying 0 resource from src\main\resources to target\classes
2024-02-13 19:35:11,452 [Worker-30: Building] INFO  o.a.m.s.f.DefaultMavenResourcesFiltering - skip non existing resourceDirectory D:\BER\KAIST\SEM6\PEMROGRAMAN PL BERORIENTASI OBJEK 3\tugas1\LASTBENERANDRAWAL\simple-blog\src\test\resources
2024-02-13 19:39:26,736 [Worker-35: Building] INFO  o.a.m.s.f.DefaultMavenResourcesFiltering - Copying 1 resource from src\main\resources to target\classes
2024-02-13 19:39:26,864 [Worker-35: Building] INFO  o.a.m.s.f.DefaultMavenResourcesFiltering - Copying 0 resource from src\main\resources to target\classes
2024-02-13 19:39:26,870 [Worker-35: Building] INFO  o.a.m.s.f.DefaultMavenResourcesFiltering - skip non existing resourceDirectory D:\BER\KAIST\SEM6\PEMROGRAMAN PL BERORIENTASI OBJEK 3\tugas1\LASTBENERANDRAWAL\simple-blog\src\test\resources
2024-02-13 19:41:15,690 [Worker-32: Building] INFO  o.a.m.s.f.DefaultMavenResourcesFiltering - Copying 0 resource from src\main\resources to target\classes
2024-02-13 19:41:15,724 [Worker-32: Building] INFO  o.a.m.s.f.DefaultMavenResourcesFiltering - Copying 1 resource from src\main\resources to target\classes
2024-02-13 19:41:15,744 [Worker-32: Building] INFO  o.a.m.s.f.DefaultMavenResourcesFiltering - skip non existing resourceDirectory D:\BER\KAIST\SEM6\PEMROGRAMAN PL BERORIENTASI OBJEK 3\tugas1\LASTBENERANDRAWAL\simple-blog\src\test\resources
2024-02-13 19:42:45,726 [Worker-29: Building] INFO  o.a.m.s.f.DefaultMavenResourcesFiltering - Copying 0 resource from src\main\resources to target\classes
2024-02-13 19:42:45,727 [Worker-29: Building] INFO  o.a.m.s.f.DefaultMavenResourcesFiltering - Copying 1 resource from src\main\resources to target\classes
2024-02-13 19:42:45,738 [Worker-29: Building] INFO  o.a.m.s.f.DefaultMavenResourcesFiltering - skip non existing resourceDirectory D:\BER\KAIST\SEM6\PEMROGRAMAN PL BERORIENTASI OBJEK 3\tugas1\LASTBENERANDRAWAL\simple-blog\src\test\resources
2024-02-13 19:43:47,375 [Worker-37: Building] INFO  o.a.m.s.f.DefaultMavenResourcesFiltering - Copying 1 resource from src\main\resources to target\classes
2024-02-13 19:43:47,555 [Worker-37: Building] INFO  o.a.m.s.f.DefaultMavenResourcesFiltering - Copying 2 resources from src\main\resources to target\classes
2024-02-13 19:43:47,578 [Worker-37: Building] INFO  o.a.m.s.f.DefaultMavenResourcesFiltering - skip non existing resourceDirectory D:\BER\KAIST\SEM6\PEMROGRAMAN PL BERORIENTASI OBJEK 3\tugas1\LASTBENERANDRAWAL\simple-blog\src\test\resources
2024-02-13 19:45:26,959 [Worker-29: Building] INFO  o.a.m.s.f.DefaultMavenResourcesFiltering - Copying 1 resource from src\main\resources to target\classes
2024-02-13 19:45:27,210 [Worker-29: Building] INFO  o.a.m.s.f.DefaultMavenResourcesFiltering - Copying 2 resources from src\main\resources to target\classes
2024-02-13 19:45:27,213 [Worker-29: Building] INFO  o.a.m.s.f.DefaultMavenResourcesFiltering - skip non existing resourceDirectory D:\BER\KAIST\SEM6\PEMROGRAMAN PL BERORIENTASI OBJEK 3\tugas1\LASTBENERANDRAWAL\simple-blog\src\test\resources
2024-02-13 19:48:11,655 [Worker-39: Building] INFO  o.a.m.s.f.DefaultMavenResourcesFiltering - Copying 1 resource from src\main\resources to target\classes
2024-02-13 19:48:11,713 [Worker-39: Building] INFO  o.a.m.s.f.DefaultMavenResourcesFiltering - Copying 0 resource from src\main\resources to target\classes
2024-02-13 19:48:11,724 [Worker-39: Building] INFO  o.a.m.s.f.DefaultMavenResourcesFiltering - skip non existing resourceDirectory D:\BER\KAIST\SEM6\PEMROGRAMAN PL BERORIENTASI OBJEK 3\tugas1\LASTBENERANDRAWAL\simple-blog\src\test\resources
2024-02-13 19:52:58,382 [Worker-44: Building] INFO  o.a.m.s.f.DefaultMavenResourcesFiltering - Copying 1 resource from src\main\resources to target\classes
2024-02-13 19:52:58,402 [Worker-44: Building] INFO  o.a.m.s.f.DefaultMavenResourcesFiltering - Copying 2 resources from src\main\resources to target\classes
2024-02-13 19:52:58,408 [Worker-44: Building] INFO  o.a.m.s.f.DefaultMavenResourcesFiltering - skip non existing resourceDirectory D:\BER\KAIST\SEM6\PEMROGRAMAN PL BERORIENTASI OBJEK 3\tugas1\LASTBENERANDRAWAL\simple-blog\src\test\resources
2024-02-13 19:53:54,400 [Worker-41: Building] INFO  o.a.m.s.f.DefaultMavenResourcesFiltering - Copying 1 resource from src\main\resources to target\classes
2024-02-13 19:53:54,542 [Worker-41: Building] INFO  o.a.m.s.f.DefaultMavenResourcesFiltering - Copying 2 resources from src\main\resources to target\classes
2024-02-13 19:53:54,547 [Worker-41: Building] INFO  o.a.m.s.f.DefaultMavenResourcesFiltering - skip non existing resourceDirectory D:\BER\KAIST\SEM6\PEMROGRAMAN PL BERORIENTASI OBJEK 3\tugas1\LASTBENERANDRAWAL\simple-blog\src\test\resources
2024-02-13 19:55:35,927 [Worker-41: Building] INFO  o.a.m.s.f.DefaultMavenResourcesFiltering - Copying 1 resource from src\main\resources to target\classes
2024-02-13 19:55:35,990 [Worker-41: Building] INFO  o.a.m.s.f.DefaultMavenResourcesFiltering - Copying 2 resources from src\main\resources to target\classes
2024-02-13 19:55:36,004 [Worker-41: Building] INFO  o.a.m.s.f.DefaultMavenResourcesFiltering - skip non existing resourceDirectory D:\BER\KAIST\SEM6\PEMROGRAMAN PL BERORIENTASI OBJEK 3\tugas1\LASTBENERANDRAWAL\simple-blog\src\test\resources
2024-02-13 19:56:24,105 [Worker-46: Building] INFO  o.a.m.s.f.DefaultMavenResourcesFiltering - Copying 1 resource from src\main\resources to target\classes
2024-02-13 19:56:24,129 [Worker-46: Building] INFO  o.a.m.s.f.DefaultMavenResourcesFiltering - Copying 2 resources from src\main\resources to target\classes
2024-02-13 19:56:24,141 [Worker-46: Building] INFO  o.a.m.s.f.DefaultMavenResourcesFiltering - skip non existing resourceDirectory D:\BER\KAIST\SEM6\PEMROGRAMAN PL BERORIENTASI OBJEK 3\tugas1\LASTBENERANDRAWAL\simple-blog\src\test\resources
2024-02-13 19:58:08,878 [Worker-29: Building] INFO  o.a.m.s.f.DefaultMavenResourcesFiltering - Copying 1 resource from src\main\resources to target\classes
2024-02-13 19:58:08,959 [Worker-29: Building] INFO  o.a.m.s.f.DefaultMavenResourcesFiltering - Copying 2 resources from src\main\resources to target\classes
2024-02-13 19:58:08,967 [Worker-29: Building] INFO  o.a.m.s.f.DefaultMavenResourcesFiltering - skip non existing resourceDirectory D:\BER\KAIST\SEM6\PEMROGRAMAN PL BERORIENTASI OBJEK 3\tugas1\LASTBENERANDRAWAL\simple-blog\src\test\resources
2024-02-13 20:00:46,273 [Worker-39: Building] INFO  o.a.m.s.f.DefaultMavenResourcesFiltering - Copying 1 resource from src\main\resources to target\classes
2024-02-13 20:00:46,297 [Worker-39: Building] INFO  o.a.m.s.f.DefaultMavenResourcesFiltering - Copying 2 resources from src\main\resources to target\classes
2024-02-13 20:00:46,306 [Worker-39: Building] INFO  o.a.m.s.f.DefaultMavenResourcesFiltering - skip non existing resourceDirectory D:\BER\KAIST\SEM6\PEMROGRAMAN PL BERORIENTASI OBJEK 3\tugas1\LASTBENERANDRAWAL\simple-blog\src\test\resources
2024-02-13 20:01:47,849 [Worker-47: Building] INFO  o.a.m.s.f.DefaultMavenResourcesFiltering - Copying 0 resource from src\main\resources to target\classes
2024-02-13 20:01:47,852 [Worker-47: Building] INFO  o.a.m.s.f.DefaultMavenResourcesFiltering - Copying 2 resources from src\main\resources to target\classes
2024-02-13 20:01:47,986 [Worker-47: Building] INFO  o.a.m.s.f.DefaultMavenResourcesFiltering - skip non existing resourceDirectory D:\BER\KAIST\SEM6\PEMROGRAMAN PL BERORIENTASI OBJEK 3\tugas1\LASTBENERANDRAWAL\simple-blog\src\test\resources
2024-02-13 20:04:17,091 [Worker-47: Building] INFO  o.a.m.s.f.DefaultMavenResourcesFiltering - Copying 1 resource from src\main\resources to target\classes
2024-02-13 20:04:17,130 [Worker-47: Building] INFO  o.a.m.s.f.DefaultMavenResourcesFiltering - Copying 4 resources from src\main\resources to target\classes
2024-02-13 20:04:17,134 [Worker-47: Building] INFO  o.a.m.s.f.DefaultMavenResourcesFiltering - skip non existing resourceDirectory D:\BER\KAIST\SEM6\PEMROGRAMAN PL BERORIENTASI OBJEK 3\tugas1\LASTBENERANDRAWAL\simple-blog\src\test\resources
2024-02-13 20:07:10,092 [Worker-45: Building] INFO  o.e.m.c.i.l.LifecycleMappingFactory - Using org.eclipse.m2e.jdt.JarLifecycleMapping lifecycle mapping for MavenProject: com.blog:simple-blog:0.0.1-SNAPSHOT @ D:\BER\KAIST\SEM6\PEMROGRAMAN PL BERORIENTASI OBJEK 3\tugas1\LASTBENERANDRAWAL\simple-blog\pom.xml.
2024-02-13 20:07:11,213 [Worker-45: Building] INFO  o.e.m.c.i.e.AbstractTransferListenerAdapter - Downloading https://repo.maven.apache.org/maven2/com/mysql/mysql-connector-j/8.3.0/mysql-connector-j-8.3.0.pom
2024-02-13 20:07:11,259 [Worker-45: Building] INFO  o.e.m.c.i.e.AbstractTransferListenerAdapter - Downloaded https://repo.maven.apache.org/maven2/com/mysql/mysql-connector-j/8.3.0/mysql-connector-j-8.3.0.pom
2024-02-13 20:07:11,789 [Worker-45: Building] INFO  o.e.m.c.i.e.AbstractTransferListenerAdapter - Downloading https://repo.maven.apache.org/maven2/com/mysql/mysql-connector-j/8.3.0/mysql-connector-j-8.3.0.jar
2024-02-13 20:07:14,778 [Worker-45: Building] INFO  o.e.m.c.i.e.AbstractTransferListenerAdapter - Downloaded https://repo.maven.apache.org/maven2/com/mysql/mysql-connector-j/8.3.0/mysql-connector-j-8.3.0.jar
2024-02-13 20:07:15,644 [Worker-45: Building] INFO  o.a.m.s.f.DefaultMavenResourcesFiltering - Copying 0 resource from src\main\resources to target\classes
2024-02-13 20:07:15,646 [Worker-45: Building] INFO  o.a.m.s.f.DefaultMavenResourcesFiltering - Copying 0 resource from src\main\resources to target\classes
2024-02-13 20:07:15,651 [Worker-45: Building] INFO  o.a.m.s.f.DefaultMavenResourcesFiltering - skip non existing resourceDirectory D:\BER\KAIST\SEM6\PEMROGRAMAN PL BERORIENTASI OBJEK 3\tugas1\LASTBENERANDRAWAL\simple-blog\src\test\resources
2024-02-13 20:07:16,426 [Worker-47: Download sources and javadoc] INFO  o.e.m.c.i.e.AbstractTransferListenerAdapter - Downloading https://repo.maven.apache.org/maven2/com/mysql/mysql-connector-j/8.3.0/mysql-connector-j-8.3.0-sources.jar
2024-02-13 20:07:18,957 [Worker-47: Download sources and javadoc] INFO  o.e.m.c.i.e.AbstractTransferListenerAdapter - Downloaded https://repo.maven.apache.org/maven2/com/mysql/mysql-connector-j/8.3.0/mysql-connector-j-8.3.0-sources.jar
2024-02-13 20:07:19,434 [Worker-47: Download sources and javadoc] INFO  o.e.m.j.internal.DownloadSourcesJob - Downloaded sources for com.mysql:mysql-connector-j:8.3.0
2024-02-13 20:07:50,230 [Worker-47: Building] INFO  o.a.m.s.f.DefaultMavenResourcesFiltering - Copying 1 resource from src\main\resources to target\classes
2024-02-13 20:07:50,281 [Worker-47: Building] INFO  o.a.m.s.f.DefaultMavenResourcesFiltering - Copying 0 resource from src\main\resources to target\classes
2024-02-13 20:07:50,283 [Worker-47: Building] INFO  o.a.m.s.f.DefaultMavenResourcesFiltering - skip non existing resourceDirectory D:\BER\KAIST\SEM6\PEMROGRAMAN PL BERORIENTASI OBJEK 3\tugas1\LASTBENERANDRAWAL\simple-blog\src\test\resources
2024-02-13 21:18:24,673 [Worker-65: Building] INFO  o.a.m.s.f.DefaultMavenResourcesFiltering - Copying 1 resource from src\main\resources to target\classes
2024-02-13 21:18:24,844 [Worker-65: Building] INFO  o.a.m.s.f.DefaultMavenResourcesFiltering - Copying 4 resources from src\main\resources to target\classes
2024-02-13 21:18:25,029 [Worker-65: Building] INFO  o.a.m.s.f.DefaultMavenResourcesFiltering - skip non existing resourceDirectory D:\BER\KAIST\SEM6\PEMROGRAMAN PL BERORIENTASI OBJEK 3\tugas1\LASTBENERANDRAWAL\simple-blog\src\test\resources
2024-02-13 21:25:05,753 [Worker-52: Building] INFO  o.a.m.s.f.DefaultMavenResourcesFiltering - Copying 1 resource from src\main\resources to target\classes
2024-02-13 21:25:05,780 [Worker-52: Building] INFO  o.a.m.s.f.DefaultMavenResourcesFiltering - Copying 4 resources from src\main\resources to target\classes
2024-02-13 21:25:05,783 [Worker-52: Building] INFO  o.a.m.s.f.DefaultMavenResourcesFiltering - skip non existing resourceDirectory D:\BER\KAIST\SEM6\PEMROGRAMAN PL BERORIENTASI OBJEK 3\tugas1\LASTBENERANDRAWAL\simple-blog\src\test\resources
2024-02-13 21:25:39,446 [Worker-62: Building] INFO  o.a.m.s.f.DefaultMavenResourcesFiltering - Copying 1 resource from src\main\resources to target\classes
2024-02-13 21:25:39,460 [Worker-62: Building] INFO  o.a.m.s.f.DefaultMavenResourcesFiltering - Copying 4 resources from src\main\resources to target\classes
2024-02-13 21:25:39,466 [Worker-62: Building] INFO  o.a.m.s.f.DefaultMavenResourcesFiltering - skip non existing resourceDirectory D:\BER\KAIST\SEM6\PEMROGRAMAN PL BERORIENTASI OBJEK 3\tugas1\LASTBENERANDRAWAL\simple-blog\src\test\resources
2024-02-13 21:30:05,157 [Worker-70: Building] INFO  o.a.m.s.f.DefaultMavenResourcesFiltering - Copying 1 resource from src\main\resources to target\classes
2024-02-13 21:30:05,172 [Worker-70: Building] INFO  o.a.m.s.f.DefaultMavenResourcesFiltering - Copying 4 resources from src\main\resources to target\classes
2024-02-13 21:30:05,175 [Worker-70: Building] INFO  o.a.m.s.f.DefaultMavenResourcesFiltering - skip non existing resourceDirectory D:\BER\KAIST\SEM6\PEMROGRAMAN PL BERORIENTASI OBJEK 3\tugas1\LASTBENERANDRAWAL\simple-blog\src\test\resources
2024-02-13 21:32:02,693 [Worker-52: Building] INFO  o.a.m.s.f.DefaultMavenResourcesFiltering - Copying 1 resource from src\main\resources to target\classes
2024-02-13 21:32:02,738 [Worker-52: Building] INFO  o.a.m.s.f.DefaultMavenResourcesFiltering - Copying 4 resources from src\main\resources to target\classes
2024-02-13 21:32:02,744 [Worker-52: Building] INFO  o.a.m.s.f.DefaultMavenResourcesFiltering - skip non existing resourceDirectory D:\BER\KAIST\SEM6\PEMROGRAMAN PL BERORIENTASI OBJEK 3\tugas1\LASTBENERANDRAWAL\simple-blog\src\test\resources
2024-02-13 21:32:27,321 [Worker-71: Building] INFO  o.a.m.s.f.DefaultMavenResourcesFiltering - Copying 1 resource from src\main\resources to target\classes
2024-02-13 21:32:27,345 [Worker-71: Building] INFO  o.a.m.s.f.DefaultMavenResourcesFiltering - Copying 4 resources from src\main\resources to target\classes
2024-02-13 21:32:27,360 [Worker-71: Building] INFO  o.a.m.s.f.DefaultMavenResourcesFiltering - skip non existing resourceDirectory D:\BER\KAIST\SEM6\PEMROGRAMAN PL BERORIENTASI OBJEK 3\tugas1\LASTBENERANDRAWAL\simple-blog\src\test\resources
2024-02-13 21:33:40,588 [Worker-70: Building] INFO  o.a.m.s.f.DefaultMavenResourcesFiltering - Copying 1 resource from src\main\resources to target\classes
2024-02-13 21:33:40,621 [Worker-70: Building] INFO  o.a.m.s.f.DefaultMavenResourcesFiltering - Copying 4 resources from src\main\resources to target\classes
2024-02-13 21:33:40,628 [Worker-70: Building] INFO  o.a.m.s.f.DefaultMavenResourcesFiltering - skip non existing resourceDirectory D:\BER\KAIST\SEM6\PEMROGRAMAN PL BERORIENTASI OBJEK 3\tugas1\LASTBENERANDRAWAL\simple-blog\src\test\resources
2024-02-13 21:38:15,640 [Worker-71: Building] INFO  o.e.m.c.i.l.LifecycleMappingFactory - Using org.eclipse.m2e.jdt.JarLifecycleMapping lifecycle mapping for MavenProject: com.blog:simple-blog:0.0.1-SNAPSHOT @ D:\BER\KAIST\SEM6\PEMROGRAMAN PL BERORIENTASI OBJEK 3\tugas1\LASTBENERANDRAWAL\simple-blog\pom.xml.
2024-02-13 21:38:18,376 [Worker-71: Building] INFO  o.a.m.s.f.DefaultMavenResourcesFiltering - Copying 0 resource from src\main\resources to target\classes
2024-02-13 21:38:18,379 [Worker-71: Building] INFO  o.a.m.s.f.DefaultMavenResourcesFiltering - Copying 0 resource from src\main\resources to target\classes
2024-02-13 21:38:18,389 [Worker-71: Building] INFO  o.a.m.s.f.DefaultMavenResourcesFiltering - skip non existing resourceDirectory D:\BER\KAIST\SEM6\PEMROGRAMAN PL BERORIENTASI OBJEK 3\tugas1\LASTBENERANDRAWAL\simple-blog\src\test\resources
2024-02-13 21:38:18,462 [Worker-74: Download sources and javadoc] INFO  o.e.m.c.i.e.AbstractTransferListenerAdapter - Downloading https://repo.maven.apache.org/maven2/mysql/mysql-connector-java/8.0.23/mysql-connector-java-8.0.23-sources.jar
2024-02-13 21:38:19,399 [Worker-74: Download sources and javadoc] INFO  o.e.m.c.i.e.AbstractTransferListenerAdapter - Downloaded https://repo.maven.apache.org/maven2/mysql/mysql-connector-java/8.0.23/mysql-connector-java-8.0.23-sources.jar
2024-02-13 21:38:19,404 [Worker-74: Download sources and javadoc] INFO  o.e.m.j.internal.DownloadSourcesJob - Downloaded sources for mysql:mysql-connector-java:8.0.23
2024-02-13 21:38:19,587 [Worker-74: Download sources and javadoc] INFO  o.e.m.c.i.e.AbstractTransferListenerAdapter - Downloading https://repo.maven.apache.org/maven2/com/google/protobuf/protobuf-java/3.11.4/protobuf-java-3.11.4-sources.jar
2024-02-13 21:38:20,542 [Worker-74: Download sources and javadoc] INFO  o.e.m.c.i.e.AbstractTransferListenerAdapter - Downloaded https://repo.maven.apache.org/maven2/com/google/protobuf/protobuf-java/3.11.4/protobuf-java-3.11.4-sources.jar
2024-02-13 21:38:20,548 [Worker-74: Download sources and javadoc] INFO  o.e.m.j.internal.DownloadSourcesJob - Downloaded sources for com.google.protobuf:protobuf-java:3.11.4
2024-02-13 21:39:32,648 [Worker-79: Building] INFO  o.e.m.c.i.l.LifecycleMappingFactory - Using org.eclipse.m2e.jdt.JarLifecycleMapping lifecycle mapping for MavenProject: com.blog:simple-blog:0.0.1-SNAPSHOT @ D:\BER\KAIST\SEM6\PEMROGRAMAN PL BERORIENTASI OBJEK 3\tugas1\LASTBENERANDRAWAL\simple-blog\pom.xml.
2024-02-13 21:39:34,120 [Worker-79: Building] INFO  o.a.m.s.f.DefaultMavenResourcesFiltering - Copying 1 resource from src\main\resources to target\classes
2024-02-13 21:39:34,181 [Worker-79: Building] INFO  o.a.m.s.f.DefaultMavenResourcesFiltering - Copying 4 resources from src\main\resources to target\classes
2024-02-13 21:39:34,229 [Worker-79: Building] INFO  o.a.m.s.f.DefaultMavenResourcesFiltering - skip non existing resourceDirectory D:\BER\KAIST\SEM6\PEMROGRAMAN PL BERORIENTASI OBJEK 3\tugas1\LASTBENERANDRAWAL\simple-blog\src\test\resources
2024-02-13 21:44:20,589 [Worker-82: Building] INFO  o.a.m.s.f.DefaultMavenResourcesFiltering - Copying 1 resource from src\main\resources to target\classes
2024-02-13 21:44:20,682 [Worker-82: Building] INFO  o.a.m.s.f.DefaultMavenResourcesFiltering - Copying 4 resources from src\main\resources to target\classes
2024-02-13 21:44:20,690 [Worker-82: Building] INFO  o.a.m.s.f.DefaultMavenResourcesFiltering - skip non existing resourceDirectory D:\BER\KAIST\SEM6\PEMROGRAMAN PL BERORIENTASI OBJEK 3\tugas1\LASTBENERANDRAWAL\simple-blog\src\test\resources
2024-02-13 21:44:22,877 [Worker-83: Building] INFO  o.a.m.s.f.DefaultMavenResourcesFiltering - Copying 1 resource from src\main\resources to target\classes
2024-02-13 21:44:22,931 [Worker-83: Building] INFO  o.a.m.s.f.DefaultMavenResourcesFiltering - Copying 4 resources from src\main\resources to target\classes
2024-02-13 21:44:22,935 [Worker-83: Building] INFO  o.a.m.s.f.DefaultMavenResourcesFiltering - skip non existing resourceDirectory D:\BER\KAIST\SEM6\PEMROGRAMAN PL BERORIENTASI OBJEK 3\tugas1\LASTBENERANDRAWAL\simple-blog\src\test\resources
2024-02-13 21:45:13,185 [Worker-83: Building] INFO  o.a.m.s.f.DefaultMavenResourcesFiltering - Copying 1 resource from src\main\resources to target\classes
2024-02-13 21:45:13,291 [Worker-83: Building] INFO  o.a.m.s.f.DefaultMavenResourcesFiltering - Copying 4 resources from src\main\resources to target\classes
2024-02-13 21:45:13,298 [Worker-83: Building] INFO  o.a.m.s.f.DefaultMavenResourcesFiltering - skip non existing resourceDirectory D:\BER\KAIST\SEM6\PEMROGRAMAN PL BERORIENTASI OBJEK 3\tugas1\LASTBENERANDRAWAL\simple-blog\src\test\resources
2024-02-13 21:45:22,408 [Worker-78: Building] INFO  o.a.m.s.f.DefaultMavenResourcesFiltering - Copying 1 resource from src\main\resources to target\classes
2024-02-13 21:45:22,428 [Worker-78: Building] INFO  o.a.m.s.f.DefaultMavenResourcesFiltering - Copying 4 resources from src\main\resources to target\classes
2024-02-13 21:45:22,434 [Worker-78: Building] INFO  o.a.m.s.f.DefaultMavenResourcesFiltering - skip non existing resourceDirectory D:\BER\KAIST\SEM6\PEMROGRAMAN PL BERORIENTASI OBJEK 3\tugas1\LASTBENERANDRAWAL\simple-blog\src\test\resources
2024-02-13 21:51:36,338 [Worker-77: Building] INFO  o.a.m.s.f.DefaultMavenResourcesFiltering - Copying 1 resource from src\main\resources to target\classes
2024-02-13 21:51:36,540 [Worker-77: Building] INFO  o.a.m.s.f.DefaultMavenResourcesFiltering - Copying 4 resources from src\main\resources to target\classes
2024-02-13 21:51:36,561 [Worker-77: Building] INFO  o.a.m.s.f.DefaultMavenResourcesFiltering - skip non existing resourceDirectory D:\BER\KAIST\SEM6\PEMROGRAMAN PL BERORIENTASI OBJEK 3\tugas1\LASTBENERANDRAWAL\simple-blog\src\test\resources
2024-02-13 21:52:58,128 [Worker-86: Building] INFO  o.a.m.s.f.DefaultMavenResourcesFiltering - Copying 1 resource from src\main\resources to target\classes
2024-02-13 21:52:58,208 [Worker-86: Building] INFO  o.a.m.s.f.DefaultMavenResourcesFiltering - Copying 4 resources from src\main\resources to target\classes
2024-02-13 21:52:58,212 [Worker-86: Building] INFO  o.a.m.s.f.DefaultMavenResourcesFiltering - skip non existing resourceDirectory D:\BER\KAIST\SEM6\PEMROGRAMAN PL BERORIENTASI OBJEK 3\tugas1\LASTBENERANDRAWAL\simple-blog\src\test\resources
2024-02-13 21:53:25,366 [Worker-87: Building] INFO  o.a.m.s.f.DefaultMavenResourcesFiltering - Copying 1 resource from src\main\resources to target\classes
2024-02-13 21:53:25,385 [Worker-87: Building] INFO  o.a.m.s.f.DefaultMavenResourcesFiltering - Copying 4 resources from src\main\resources to target\classes
2024-02-13 21:53:25,435 [Worker-87: Building] INFO  o.a.m.s.f.DefaultMavenResourcesFiltering - skip non existing resourceDirectory D:\BER\KAIST\SEM6\PEMROGRAMAN PL BERORIENTASI OBJEK 3\tugas1\LASTBENERANDRAWAL\simple-blog\src\test\resources
2024-02-13 21:54:07,342 [Worker-78: Building] INFO  o.a.m.s.f.DefaultMavenResourcesFiltering - Copying 1 resource from src\main\resources to target\classes
2024-02-13 21:54:07,353 [Worker-78: Building] INFO  o.a.m.s.f.DefaultMavenResourcesFiltering - Copying 4 resources from src\main\resources to target\classes
2024-02-13 21:54:07,358 [Worker-78: Building] INFO  o.a.m.s.f.DefaultMavenResourcesFiltering - skip non existing resourceDirectory D:\BER\KAIST\SEM6\PEMROGRAMAN PL BERORIENTASI OBJEK 3\tugas1\LASTBENERANDRAWAL\simple-blog\src\test\resources
2024-02-13 21:54:21,493 [Worker-90: Building] INFO  o.a.m.s.f.DefaultMavenResourcesFiltering - Copying 1 resource from src\main\resources to target\classes
2024-02-13 21:54:21,548 [Worker-90: Building] INFO  o.a.m.s.f.DefaultMavenResourcesFiltering - Copying 4 resources from src\main\resources to target\classes
2024-02-13 21:54:21,552 [Worker-90: Building] INFO  o.a.m.s.f.DefaultMavenResourcesFiltering - skip non existing resourceDirectory D:\BER\KAIST\SEM6\PEMROGRAMAN PL BERORIENTASI OBJEK 3\tugas1\LASTBENERANDRAWAL\simple-blog\src\test\resources
2024-02-13 21:58:01,534 [Worker-89: Building] INFO  o.a.m.s.f.DefaultMavenResourcesFiltering - Copying 1 resource from src\main\resources to target\classes
2024-02-13 21:58:01,779 [Worker-89: Building] INFO  o.a.m.s.f.DefaultMavenResourcesFiltering - Copying 4 resources from src\main\resources to target\classes
2024-02-13 21:58:01,796 [Worker-89: Building] INFO  o.a.m.s.f.DefaultMavenResourcesFiltering - skip non existing resourceDirectory D:\BER\KAIST\SEM6\PEMROGRAMAN PL BERORIENTASI OBJEK 3\tugas1\LASTBENERANDRAWAL\simple-blog\src\test\resources
2024-02-13 22:09:23,133 [Worker-98: Building] INFO  o.e.m.c.i.l.LifecycleMappingFactory - Using org.eclipse.m2e.jdt.JarLifecycleMapping lifecycle mapping for MavenProject: com.blog:simple-blog:0.0.1-SNAPSHOT @ D:\BER\KAIST\SEM6\PEMROGRAMAN PL BERORIENTASI OBJEK 3\tugas1\LASTBENERANDRAWAL\simple-blog\pom.xml.
2024-02-13 22:09:23,590 [Worker-98: Building] INFO  o.e.m.c.i.e.AbstractTransferListenerAdapter - Downloaded https://repo.maven.apache.org/maven2/mysql/mysql-connector-java/runtime/mysql-connector-java-runtime.pom
2024-02-13 22:09:23,594 [Worker-98: Building] WARN  o.e.m.c.i.embedder.EclipseLogger - The POM for mysql:mysql-connector-java:jar:runtime is missing, no dependency information available
2024-02-13 22:09:23,960 [Worker-98: Building] INFO  o.e.m.c.i.e.AbstractTransferListenerAdapter - Downloaded https://repo.maven.apache.org/maven2/mysql/mysql-connector-java/runtime/mysql-connector-java-runtime.jar
2024-02-13 22:09:24,720 [Worker-98: Building] INFO  o.a.m.s.f.DefaultMavenResourcesFiltering - Copying 0 resource from src\main\resources to target\classes
2024-02-13 22:09:24,724 [Worker-98: Building] INFO  o.a.m.s.f.DefaultMavenResourcesFiltering - Copying 0 resource from src\main\resources to target\classes
2024-02-13 22:09:24,731 [Worker-98: Building] INFO  o.a.m.s.f.DefaultMavenResourcesFiltering - skip non existing resourceDirectory D:\BER\KAIST\SEM6\PEMROGRAMAN PL BERORIENTASI OBJEK 3\tugas1\LASTBENERANDRAWAL\simple-blog\src\test\resources
2024-02-13 22:09:25,571 [Worker-102: Download sources and javadoc] INFO  o.e.m.c.i.e.AbstractTransferListenerAdapter - Downloaded https://repo.maven.apache.org/maven2/mysql/mysql-connector-java/runtime/mysql-connector-java-runtime-sources.jar
2024-02-13 22:09:25,628 [Worker-102: Download sources and javadoc] ERROR o.e.m.j.internal.DownloadSourcesJob - Could not download sources for mysql:mysql-connector-java:runtime
org.eclipse.core.runtime.CoreException: Could not resolve artifact mysql:mysql-connector-java:jar:sources:runtime
	at org.eclipse.m2e.core.internal.embedder.MavenImpl.lambda$6(MavenImpl.java:584)
	at org.eclipse.m2e.core.internal.embedder.MavenExecutionContext.executeBare(MavenExecutionContext.java:394)
	at org.eclipse.m2e.core.internal.embedder.MavenExecutionContext.execute(MavenExecutionContext.java:228)
	at org.eclipse.m2e.core.internal.embedder.MavenExecutionContext.execute(MavenExecutionContext.java:214)
	at org.eclipse.m2e.core.internal.embedder.MavenImpl.resolve(MavenImpl.java:553)
	at org.eclipse.m2e.core.internal.embedder.MavenImpl.resolve(MavenImpl.java:538)
	at org.eclipse.m2e.jdt.internal.DownloadSourcesJob.download(DownloadSourcesJob.java:308)
	at org.eclipse.m2e.jdt.internal.DownloadSourcesJob.downloadAttachments(DownloadSourcesJob.java:282)
	at org.eclipse.m2e.jdt.internal.DownloadSourcesJob.downloadMaven(DownloadSourcesJob.java:252)
	at org.eclipse.m2e.jdt.internal.DownloadSourcesJob.downloadFilesAndPopulateToUpdate(DownloadSourcesJob.java:220)
	at org.eclipse.m2e.jdt.internal.DownloadSourcesJob.lambda$0(DownloadSourcesJob.java:149)
	at org.eclipse.m2e.core.internal.embedder.MavenExecutionContext.executeBare(MavenExecutionContext.java:394)
	at org.eclipse.m2e.core.internal.embedder.MavenExecutionContext.execute(MavenExecutionContext.java:275)
	at org.eclipse.m2e.core.internal.embedder.MavenExecutionContext.execute(MavenExecutionContext.java:214)
	at org.eclipse.m2e.core.embedder.IMaven.execute(IMaven.java:294)
	at org.eclipse.m2e.jdt.internal.DownloadSourcesJob.run(DownloadSourcesJob.java:149)
	at org.eclipse.core.internal.jobs.Worker.run(Worker.java:63)
2024-02-13 22:09:34,886 [Worker-99: Building] INFO  o.e.m.c.i.l.LifecycleMappingFactory - Using org.eclipse.m2e.jdt.JarLifecycleMapping lifecycle mapping for MavenProject: com.blog:simple-blog:0.0.1-SNAPSHOT @ D:\BER\KAIST\SEM6\PEMROGRAMAN PL BERORIENTASI OBJEK 3\tugas1\LASTBENERANDRAWAL\simple-blog\pom.xml.
2024-02-13 22:09:36,268 [Worker-99: Building] INFO  o.a.m.s.f.DefaultMavenResourcesFiltering - Copying 0 resource from src\main\resources to target\classes
2024-02-13 22:09:36,269 [Worker-99: Building] INFO  o.a.m.s.f.DefaultMavenResourcesFiltering - Copying 0 resource from src\main\resources to target\classes
2024-02-13 22:09:36,280 [Worker-99: Building] INFO  o.a.m.s.f.DefaultMavenResourcesFiltering - skip non existing resourceDirectory D:\BER\KAIST\SEM6\PEMROGRAMAN PL BERORIENTASI OBJEK 3\tugas1\LASTBENERANDRAWAL\simple-blog\src\test\resources
2024-02-13 22:13:26,415 [Worker-99: Building] INFO  o.a.m.s.f.DefaultMavenResourcesFiltering - Copying 1 resource from src\main\resources to target\classes
2024-02-13 22:13:26,786 [Worker-99: Building] INFO  o.a.m.s.f.DefaultMavenResourcesFiltering - Copying 4 resources from src\main\resources to target\classes
2024-02-13 22:13:26,874 [Worker-99: Building] INFO  o.a.m.s.f.DefaultMavenResourcesFiltering - skip non existing resourceDirectory D:\BER\KAIST\SEM6\PEMROGRAMAN PL BERORIENTASI OBJEK 3\tugas1\LASTBENERANDRAWAL\simple-blog\src\test\resources
2024-02-13 22:16:38,225 [Worker-102: Building] INFO  o.a.m.s.f.DefaultMavenResourcesFiltering - Copying 1 resource from src\main\resources to target\classes
2024-02-13 22:16:38,324 [Worker-102: Building] INFO  o.a.m.s.f.DefaultMavenResourcesFiltering - Copying 4 resources from src\main\resources to target\classes
2024-02-13 22:16:38,329 [Worker-102: Building] INFO  o.a.m.s.f.DefaultMavenResourcesFiltering - skip non existing resourceDirectory D:\BER\KAIST\SEM6\PEMROGRAMAN PL BERORIENTASI OBJEK 3\tugas1\LASTBENERANDRAWAL\simple-blog\src\test\resources
2024-02-13 22:18:04,108 [Worker-105: Building] INFO  o.a.m.s.f.DefaultMavenResourcesFiltering - Copying 1 resource from src\main\resources to target\classes
2024-02-13 22:18:04,165 [Worker-105: Building] INFO  o.a.m.s.f.DefaultMavenResourcesFiltering - Copying 4 resources from src\main\resources to target\classes
2024-02-13 22:18:04,169 [Worker-105: Building] INFO  o.a.m.s.f.DefaultMavenResourcesFiltering - skip non existing resourceDirectory D:\BER\KAIST\SEM6\PEMROGRAMAN PL BERORIENTASI OBJEK 3\tugas1\LASTBENERANDRAWAL\simple-blog\src\test\resources
2024-02-13 22:22:06,329 [Worker-99: Building] INFO  o.a.m.s.f.DefaultMavenResourcesFiltering - Copying 1 resource from src\main\resources to target\classes
2024-02-13 22:22:06,423 [Worker-99: Building] INFO  o.a.m.s.f.DefaultMavenResourcesFiltering - Copying 4 resources from src\main\resources to target\classes
2024-02-13 22:22:06,432 [Worker-99: Building] INFO  o.a.m.s.f.DefaultMavenResourcesFiltering - skip non existing resourceDirectory D:\BER\KAIST\SEM6\PEMROGRAMAN PL BERORIENTASI OBJEK 3\tugas1\LASTBENERANDRAWAL\simple-blog\src\test\resources
2024-02-13 22:23:35,474 [Worker-106: Building] INFO  o.a.m.s.f.DefaultMavenResourcesFiltering - Copying 1 resource from src\main\resources to target\classes
2024-02-13 22:23:35,574 [Worker-106: Building] INFO  o.a.m.s.f.DefaultMavenResourcesFiltering - Copying 4 resources from src\main\resources to target\classes
2024-02-13 22:23:35,577 [Worker-106: Building] INFO  o.a.m.s.f.DefaultMavenResourcesFiltering - skip non existing resourceDirectory D:\BER\KAIST\SEM6\PEMROGRAMAN PL BERORIENTASI OBJEK 3\tugas1\LASTBENERANDRAWAL\simple-blog\src\test\resources
2024-02-13 22:25:26,522 [Worker-99: Building] INFO  o.a.m.s.f.DefaultMavenResourcesFiltering - Copying 1 resource from src\main\resources to target\classes
2024-02-13 22:25:26,603 [Worker-99: Building] INFO  o.a.m.s.f.DefaultMavenResourcesFiltering - Copying 4 resources from src\main\resources to target\classes
2024-02-13 22:25:26,611 [Worker-99: Building] INFO  o.a.m.s.f.DefaultMavenResourcesFiltering - skip non existing resourceDirectory D:\BER\KAIST\SEM6\PEMROGRAMAN PL BERORIENTASI OBJEK 3\tugas1\LASTBENERANDRAWAL\simple-blog\src\test\resources
2024-02-13 22:28:59,858 [Worker-106: Building] INFO  o.a.m.s.f.DefaultMavenResourcesFiltering - Copying 1 resource from src\main\resources to target\classes
2024-02-13 22:28:59,957 [Worker-106: Building] INFO  o.a.m.s.f.DefaultMavenResourcesFiltering - Copying 4 resources from src\main\resources to target\classes
2024-02-13 22:29:00,120 [Worker-106: Building] INFO  o.a.m.s.f.DefaultMavenResourcesFiltering - skip non existing resourceDirectory D:\BER\KAIST\SEM6\PEMROGRAMAN PL BERORIENTASI OBJEK 3\tugas1\LASTBENERANDRAWAL\simple-blog\src\test\resources
2024-02-13 22:37:22,774 [Worker-106: Building] INFO  o.a.m.s.f.DefaultMavenResourcesFiltering - Copying 1 resource from src\main\resources to target\classes
2024-02-13 22:37:22,875 [Worker-106: Building] INFO  o.a.m.s.f.DefaultMavenResourcesFiltering - Copying 4 resources from src\main\resources to target\classes
2024-02-13 22:37:22,881 [Worker-106: Building] INFO  o.a.m.s.f.DefaultMavenResourcesFiltering - skip non existing resourceDirectory D:\BER\KAIST\SEM6\PEMROGRAMAN PL BERORIENTASI OBJEK 3\tugas1\LASTBENERANDRAWAL\simple-blog\src\test\resources
2024-02-13 22:38:47,884 [Worker-108: Building] INFO  o.a.m.s.f.DefaultMavenResourcesFiltering - Copying 1 resource from src\main\resources to target\classes
2024-02-13 22:38:47,930 [Worker-108: Building] INFO  o.a.m.s.f.DefaultMavenResourcesFiltering - Copying 4 resources from src\main\resources to target\classes
2024-02-13 22:38:47,933 [Worker-108: Building] INFO  o.a.m.s.f.DefaultMavenResourcesFiltering - skip non existing resourceDirectory D:\BER\KAIST\SEM6\PEMROGRAMAN PL BERORIENTASI OBJEK 3\tugas1\LASTBENERANDRAWAL\simple-blog\src\test\resources
2024-02-13 22:44:10,212 [Worker-116: Building] INFO  o.a.m.s.f.DefaultMavenResourcesFiltering - Copying 1 resource from src\main\resources to target\classes
2024-02-13 22:44:10,240 [Worker-116: Building] INFO  o.a.m.s.f.DefaultMavenResourcesFiltering - Copying 4 resources from src\main\resources to target\classes
2024-02-13 22:44:10,243 [Worker-116: Building] INFO  o.a.m.s.f.DefaultMavenResourcesFiltering - skip non existing resourceDirectory D:\BER\KAIST\SEM6\PEMROGRAMAN PL BERORIENTASI OBJEK 3\tugas1\LASTBENERANDRAWAL\simple-blog\src\test\resources
2024-02-13 22:45:51,164 [Worker-116: Building] INFO  o.a.m.s.f.DefaultMavenResourcesFiltering - Copying 1 resource from src\main\resources to target\classes
2024-02-13 22:45:51,178 [Worker-116: Building] INFO  o.a.m.s.f.DefaultMavenResourcesFiltering - Copying 4 resources from src\main\resources to target\classes
2024-02-13 22:45:51,185 [Worker-116: Building] INFO  o.a.m.s.f.DefaultMavenResourcesFiltering - skip non existing resourceDirectory D:\BER\KAIST\SEM6\PEMROGRAMAN PL BERORIENTASI OBJEK 3\tugas1\LASTBENERANDRAWAL\simple-blog\src\test\resources
2024-02-13 22:45:59,883 [Worker-108: Building] INFO  o.a.m.s.f.DefaultMavenResourcesFiltering - Copying 1 resource from src\main\resources to target\classes
2024-02-13 22:45:59,921 [Worker-108: Building] INFO  o.a.m.s.f.DefaultMavenResourcesFiltering - Copying 4 resources from src\main\resources to target\classes
2024-02-13 22:45:59,925 [Worker-108: Building] INFO  o.a.m.s.f.DefaultMavenResourcesFiltering - skip non existing resourceDirectory D:\BER\KAIST\SEM6\PEMROGRAMAN PL BERORIENTASI OBJEK 3\tugas1\LASTBENERANDRAWAL\simple-blog\src\test\resources
2024-02-13 22:46:12,257 [Worker-118: Building] INFO  o.a.m.s.f.DefaultMavenResourcesFiltering - Copying 1 resource from src\main\resources to target\classes
2024-02-13 22:46:12,349 [Worker-118: Building] INFO  o.a.m.s.f.DefaultMavenResourcesFiltering - Copying 4 resources from src\main\resources to target\classes
2024-02-13 22:46:12,354 [Worker-118: Building] INFO  o.a.m.s.f.DefaultMavenResourcesFiltering - skip non existing resourceDirectory D:\BER\KAIST\SEM6\PEMROGRAMAN PL BERORIENTASI OBJEK 3\tugas1\LASTBENERANDRAWAL\simple-blog\src\test\resources
2024-02-13 22:50:20,585 [Worker-108: Building] INFO  o.a.m.s.f.DefaultMavenResourcesFiltering - Copying 1 resource from src\main\resources to target\classes
2024-02-13 22:50:20,655 [Worker-108: Building] INFO  o.a.m.s.f.DefaultMavenResourcesFiltering - Copying 4 resources from src\main\resources to target\classes
2024-02-13 22:50:20,685 [Worker-108: Building] INFO  o.a.m.s.f.DefaultMavenResourcesFiltering - skip non existing resourceDirectory D:\BER\KAIST\SEM6\PEMROGRAMAN PL BERORIENTASI OBJEK 3\tugas1\LASTBENERANDRAWAL\simple-blog\src\test\resources
2024-02-13 22:50:55,491 [Worker-111: Building] INFO  o.a.m.s.f.DefaultMavenResourcesFiltering - Copying 1 resource from src\main\resources to target\classes
2024-02-13 22:50:55,544 [Worker-111: Building] INFO  o.a.m.s.f.DefaultMavenResourcesFiltering - Copying 4 resources from src\main\resources to target\classes
2024-02-13 22:50:55,549 [Worker-111: Building] INFO  o.a.m.s.f.DefaultMavenResourcesFiltering - skip non existing resourceDirectory D:\BER\KAIST\SEM6\PEMROGRAMAN PL BERORIENTASI OBJEK 3\tugas1\LASTBENERANDRAWAL\simple-blog\src\test\resources
2024-02-13 22:54:04,659 [Worker-124: Building] INFO  o.a.m.s.f.DefaultMavenResourcesFiltering - Copying 1 resource from src\main\resources to target\classes
2024-02-13 22:54:04,847 [Worker-124: Building] INFO  o.a.m.s.f.DefaultMavenResourcesFiltering - Copying 4 resources from src\main\resources to target\classes
2024-02-13 22:54:04,861 [Worker-124: Building] INFO  o.a.m.s.f.DefaultMavenResourcesFiltering - skip non existing resourceDirectory D:\BER\KAIST\SEM6\PEMROGRAMAN PL BERORIENTASI OBJEK 3\tugas1\LASTBENERANDRAWAL\simple-blog\src\test\resources
2024-02-13 23:37:10,044 [Worker-139: Building] INFO  o.a.m.s.f.DefaultMavenResourcesFiltering - Copying 1 resource from src\main\resources to target\classes
2024-02-13 23:37:10,270 [Worker-139: Building] INFO  o.a.m.s.f.DefaultMavenResourcesFiltering - Copying 4 resources from src\main\resources to target\classes
2024-02-13 23:37:10,282 [Worker-139: Building] INFO  o.a.m.s.f.DefaultMavenResourcesFiltering - skip non existing resourceDirectory D:\BER\KAIST\SEM6\PEMROGRAMAN PL BERORIENTASI OBJEK 3\tugas1\LASTBENERANDRAWAL\simple-blog\src\test\resources
2024-02-13 23:37:48,298 [Worker-134: Building] INFO  o.a.m.s.f.DefaultMavenResourcesFiltering - Copying 1 resource from src\main\resources to target\classes
2024-02-13 23:37:48,352 [Worker-134: Building] INFO  o.a.m.s.f.DefaultMavenResourcesFiltering - Copying 4 resources from src\main\resources to target\classes
2024-02-13 23:37:48,360 [Worker-134: Building] INFO  o.a.m.s.f.DefaultMavenResourcesFiltering - skip non existing resourceDirectory D:\BER\KAIST\SEM6\PEMROGRAMAN PL BERORIENTASI OBJEK 3\tugas1\LASTBENERANDRAWAL\simple-blog\src\test\resources
2024-02-14 00:01:34,579 [Worker-144: Building] INFO  o.a.m.s.f.DefaultMavenResourcesFiltering - Copying 1 resource from src\main\resources to target\classes
2024-02-14 00:01:34,745 [Worker-144: Building] INFO  o.a.m.s.f.DefaultMavenResourcesFiltering - Copying 4 resources from src\main\resources to target\classes
2024-02-14 00:01:34,823 [Worker-144: Building] INFO  o.a.m.s.f.DefaultMavenResourcesFiltering - skip non existing resourceDirectory D:\BER\KAIST\SEM6\PEMROGRAMAN PL BERORIENTASI OBJEK 3\tugas1\LASTBENERANDRAWAL\simple-blog\src\test\resources
2024-02-14 00:03:21,926 [Worker-147: Building] INFO  o.a.m.s.f.DefaultMavenResourcesFiltering - Copying 1 resource from src\main\resources to target\classes
2024-02-14 00:03:22,038 [Worker-147: Building] INFO  o.a.m.s.f.DefaultMavenResourcesFiltering - Copying 4 resources from src\main\resources to target\classes
2024-02-14 00:03:22,052 [Worker-147: Building] INFO  o.a.m.s.f.DefaultMavenResourcesFiltering - skip non existing resourceDirectory D:\BER\KAIST\SEM6\PEMROGRAMAN PL BERORIENTASI OBJEK 3\tugas1\LASTBENERANDRAWAL\simple-blog\src\test\resources
2024-02-14 00:06:43,227 [Worker-141: Building] INFO  o.e.m.c.i.l.LifecycleMappingFactory - Using org.eclipse.m2e.jdt.JarLifecycleMapping lifecycle mapping for MavenProject: com.blog:simple-blog:0.0.1-SNAPSHOT @ D:\BER\KAIST\SEM6\PEMROGRAMAN PL BERORIENTASI OBJEK 3\tugas1\LASTBENERANDRAWAL\simple-blog\pom.xml.
2024-02-14 00:06:47,863 [Worker-141: Building] INFO  o.a.m.s.f.DefaultMavenResourcesFiltering - Copying 0 resource from src\main\resources to target\classes
2024-02-14 00:06:47,867 [Worker-141: Building] INFO  o.a.m.s.f.DefaultMavenResourcesFiltering - Copying 0 resource from src\main\resources to target\classes
2024-02-14 00:06:47,872 [Worker-141: Building] INFO  o.a.m.s.f.DefaultMavenResourcesFiltering - skip non existing resourceDirectory D:\BER\KAIST\SEM6\PEMROGRAMAN PL BERORIENTASI OBJEK 3\tugas1\LASTBENERANDRAWAL\simple-blog\src\test\resources
2024-02-14 00:07:00,944 [Worker-149: Building] INFO  o.a.m.s.f.DefaultMavenResourcesFiltering - Copying 1 resource from src\main\resources to target\classes
2024-02-14 00:07:01,040 [Worker-149: Building] INFO  o.a.m.s.f.DefaultMavenResourcesFiltering - Copying 0 resource from src\main\resources to target\classes
2024-02-14 00:07:01,043 [Worker-149: Building] INFO  o.a.m.s.f.DefaultMavenResourcesFiltering - skip non existing resourceDirectory D:\BER\KAIST\SEM6\PEMROGRAMAN PL BERORIENTASI OBJEK 3\tugas1\LASTBENERANDRAWAL\simple-blog\src\test\resources
2024-02-14 00:10:01,676 [Worker-156: Building] INFO  o.a.m.s.f.DefaultMavenResourcesFiltering - Copying 1 resource from src\main\resources to target\classes
2024-02-14 00:10:01,776 [Worker-156: Building] INFO  o.a.m.s.f.DefaultMavenResourcesFiltering - Copying 4 resources from src\main\resources to target\classes
2024-02-14 00:10:01,915 [Worker-156: Building] INFO  o.a.m.s.f.DefaultMavenResourcesFiltering - skip non existing resourceDirectory D:\BER\KAIST\SEM6\PEMROGRAMAN PL BERORIENTASI OBJEK 3\tugas1\LASTBENERANDRAWAL\simple-blog\src\test\resources
2024-02-14 00:10:55,082 [Worker-141: Building] INFO  o.a.m.s.f.DefaultMavenResourcesFiltering - Copying 1 resource from src\main\resources to target\classes
2024-02-14 00:10:55,258 [Worker-141: Building] INFO  o.a.m.s.f.DefaultMavenResourcesFiltering - Copying 4 resources from src\main\resources to target\classes
2024-02-14 00:10:55,271 [Worker-141: Building] INFO  o.a.m.s.f.DefaultMavenResourcesFiltering - skip non existing resourceDirectory D:\BER\KAIST\SEM6\PEMROGRAMAN PL BERORIENTASI OBJEK 3\tugas1\LASTBENERANDRAWAL\simple-blog\src\test\resources
2024-02-14 00:12:44,966 [Worker-155: Building] INFO  o.a.m.s.f.DefaultMavenResourcesFiltering - Copying 1 resource from src\main\resources to target\classes
2024-02-14 00:12:45,031 [Worker-155: Building] INFO  o.a.m.s.f.DefaultMavenResourcesFiltering - Copying 4 resources from src\main\resources to target\classes
2024-02-14 00:12:45,036 [Worker-155: Building] INFO  o.a.m.s.f.DefaultMavenResourcesFiltering - skip non existing resourceDirectory D:\BER\KAIST\SEM6\PEMROGRAMAN PL BERORIENTASI OBJEK 3\tugas1\LASTBENERANDRAWAL\simple-blog\src\test\resources
2024-02-14 00:13:44,343 [Worker-156: Building] INFO  o.a.m.s.f.DefaultMavenResourcesFiltering - Copying 1 resource from src\main\resources to target\classes
2024-02-14 00:13:44,383 [Worker-156: Building] INFO  o.a.m.s.f.DefaultMavenResourcesFiltering - Copying 4 resources from src\main\resources to target\classes
2024-02-14 00:13:44,389 [Worker-156: Building] INFO  o.a.m.s.f.DefaultMavenResourcesFiltering - skip non existing resourceDirectory D:\BER\KAIST\SEM6\PEMROGRAMAN PL BERORIENTASI OBJEK 3\tugas1\LASTBENERANDRAWAL\simple-blog\src\test\resources
2024-02-14 00:14:11,448 [Worker-155: Building] INFO  o.a.m.s.f.DefaultMavenResourcesFiltering - Copying 1 resource from src\main\resources to target\classes
2024-02-14 00:14:11,530 [Worker-155: Building] INFO  o.a.m.s.f.DefaultMavenResourcesFiltering - Copying 4 resources from src\main\resources to target\classes
2024-02-14 00:14:11,536 [Worker-155: Building] INFO  o.a.m.s.f.DefaultMavenResourcesFiltering - skip non existing resourceDirectory D:\BER\KAIST\SEM6\PEMROGRAMAN PL BERORIENTASI OBJEK 3\tugas1\LASTBENERANDRAWAL\simple-blog\src\test\resources
2024-02-14 00:14:55,446 [Worker-158: Building] INFO  o.a.m.s.f.DefaultMavenResourcesFiltering - Copying 1 resource from src\main\resources to target\classes
2024-02-14 00:14:55,544 [Worker-158: Building] INFO  o.a.m.s.f.DefaultMavenResourcesFiltering - Copying 4 resources from src\main\resources to target\classes
2024-02-14 00:14:55,590 [Worker-158: Building] INFO  o.a.m.s.f.DefaultMavenResourcesFiltering - skip non existing resourceDirectory D:\BER\KAIST\SEM6\PEMROGRAMAN PL BERORIENTASI OBJEK 3\tugas1\LASTBENERANDRAWAL\simple-blog\src\test\resources
2024-02-14 00:15:43,420 [Worker-156: Building] INFO  o.a.m.s.f.DefaultMavenResourcesFiltering - Copying 1 resource from src\main\resources to target\classes
2024-02-14 00:15:43,483 [Worker-156: Building] INFO  o.a.m.s.f.DefaultMavenResourcesFiltering - Copying 4 resources from src\main\resources to target\classes
2024-02-14 00:15:43,487 [Worker-156: Building] INFO  o.a.m.s.f.DefaultMavenResourcesFiltering - skip non existing resourceDirectory D:\BER\KAIST\SEM6\PEMROGRAMAN PL BERORIENTASI OBJEK 3\tugas1\LASTBENERANDRAWAL\simple-blog\src\test\resources
2024-02-14 00:17:18,752 [Worker-158: Building] INFO  o.a.m.s.f.DefaultMavenResourcesFiltering - Copying 1 resource from src\main\resources to target\classes
2024-02-14 00:17:18,784 [Worker-158: Building] INFO  o.a.m.s.f.DefaultMavenResourcesFiltering - Copying 4 resources from src\main\resources to target\classes
2024-02-14 00:17:18,788 [Worker-158: Building] INFO  o.a.m.s.f.DefaultMavenResourcesFiltering - skip non existing resourceDirectory D:\BER\KAIST\SEM6\PEMROGRAMAN PL BERORIENTASI OBJEK 3\tugas1\LASTBENERANDRAWAL\simple-blog\src\test\resources
2024-02-14 00:18:06,364 [Worker-149: Building] INFO  o.a.m.s.f.DefaultMavenResourcesFiltering - Copying 1 resource from src\main\resources to target\classes
2024-02-14 00:18:06,408 [Worker-149: Building] INFO  o.a.m.s.f.DefaultMavenResourcesFiltering - Copying 4 resources from src\main\resources to target\classes
2024-02-14 00:18:06,418 [Worker-149: Building] INFO  o.a.m.s.f.DefaultMavenResourcesFiltering - skip non existing resourceDirectory D:\BER\KAIST\SEM6\PEMROGRAMAN PL BERORIENTASI OBJEK 3\tugas1\LASTBENERANDRAWAL\simple-blog\src\test\resources
2024-02-14 00:20:34,188 [Worker-156: Building] INFO  o.a.m.s.f.DefaultMavenResourcesFiltering - Copying 1 resource from src\main\resources to target\classes
2024-02-14 00:20:34,301 [Worker-156: Building] INFO  o.a.m.s.f.DefaultMavenResourcesFiltering - Copying 4 resources from src\main\resources to target\classes
2024-02-14 00:20:34,318 [Worker-156: Building] INFO  o.a.m.s.f.DefaultMavenResourcesFiltering - skip non existing resourceDirectory D:\BER\KAIST\SEM6\PEMROGRAMAN PL BERORIENTASI OBJEK 3\tugas1\LASTBENERANDRAWAL\simple-blog\src\test\resources
2024-02-14 00:21:16,265 [Worker-141: Building] INFO  o.a.m.s.f.DefaultMavenResourcesFiltering - Copying 1 resource from src\main\resources to target\classes
2024-02-14 00:21:16,418 [Worker-141: Building] INFO  o.a.m.s.f.DefaultMavenResourcesFiltering - Copying 0 resource from src\main\resources to target\classes
2024-02-14 00:21:16,427 [Worker-141: Building] INFO  o.a.m.s.f.DefaultMavenResourcesFiltering - skip non existing resourceDirectory D:\BER\KAIST\SEM6\PEMROGRAMAN PL BERORIENTASI OBJEK 3\tugas1\LASTBENERANDRAWAL\simple-blog\src\test\resources
2024-02-14 00:22:31,124 [Worker-154: Building] INFO  o.a.m.s.f.DefaultMavenResourcesFiltering - Copying 1 resource from src\main\resources to target\classes
2024-02-14 00:22:31,179 [Worker-154: Building] INFO  o.a.m.s.f.DefaultMavenResourcesFiltering - Copying 0 resource from src\main\resources to target\classes
2024-02-14 00:22:31,188 [Worker-154: Building] INFO  o.a.m.s.f.DefaultMavenResourcesFiltering - skip non existing resourceDirectory D:\BER\KAIST\SEM6\PEMROGRAMAN PL BERORIENTASI OBJEK 3\tugas1\LASTBENERANDRAWAL\simple-blog\src\test\resources
2024-02-14 00:25:32,231 [Worker-159: Building] INFO  o.a.m.s.f.DefaultMavenResourcesFiltering - Copying 1 resource from src\main\resources to target\classes
2024-02-14 00:25:32,376 [Worker-159: Building] INFO  o.a.m.s.f.DefaultMavenResourcesFiltering - Copying 4 resources from src\main\resources to target\classes
2024-02-14 00:25:32,395 [Worker-159: Building] INFO  o.a.m.s.f.DefaultMavenResourcesFiltering - skip non existing resourceDirectory D:\BER\KAIST\SEM6\PEMROGRAMAN PL BERORIENTASI OBJEK 3\tugas1\LASTBENERANDRAWAL\simple-blog\src\test\resources
2024-02-14 00:27:14,697 [Worker-156: Building] INFO  o.a.m.s.f.DefaultMavenResourcesFiltering - Copying 1 resource from src\main\resources to target\classes
2024-02-14 00:27:14,734 [Worker-156: Building] INFO  o.a.m.s.f.DefaultMavenResourcesFiltering - Copying 0 resource from src\main\resources to target\classes
2024-02-14 00:27:14,960 [Worker-156: Building] INFO  o.a.m.s.f.DefaultMavenResourcesFiltering - skip non existing resourceDirectory D:\BER\KAIST\SEM6\PEMROGRAMAN PL BERORIENTASI OBJEK 3\tugas1\LASTBENERANDRAWAL\simple-blog\src\test\resources
2024-02-14 00:27:21,043 [Worker-162: Building] INFO  o.a.m.s.f.DefaultMavenResourcesFiltering - Copying 1 resource from src\main\resources to target\classes
2024-02-14 00:27:21,052 [Worker-162: Building] INFO  o.a.m.s.f.DefaultMavenResourcesFiltering - Copying 4 resources from src\main\resources to target\classes
2024-02-14 00:27:21,062 [Worker-162: Building] INFO  o.a.m.s.f.DefaultMavenResourcesFiltering - skip non existing resourceDirectory D:\BER\KAIST\SEM6\PEMROGRAMAN PL BERORIENTASI OBJEK 3\tugas1\LASTBENERANDRAWAL\simple-blog\src\test\resources
2024-02-14 00:46:51,815 [Worker-159: Building] INFO  o.a.m.s.f.DefaultMavenResourcesFiltering - Copying 1 resource from src\main\resources to target\classes
2024-02-14 00:46:51,894 [Worker-159: Building] INFO  o.a.m.s.f.DefaultMavenResourcesFiltering - Copying 4 resources from src\main\resources to target\classes
2024-02-14 00:46:51,907 [Worker-159: Building] INFO  o.a.m.s.f.DefaultMavenResourcesFiltering - skip non existing resourceDirectory D:\BER\KAIST\SEM6\PEMROGRAMAN PL BERORIENTASI OBJEK 3\tugas1\LASTBENERANDRAWAL\simple-blog\src\test\resources
2024-02-14 00:47:39,373 [Worker-170: Building] INFO  o.a.m.s.f.DefaultMavenResourcesFiltering - Copying 1 resource from src\main\resources to target\classes
2024-02-14 00:47:39,395 [Worker-170: Building] INFO  o.a.m.s.f.DefaultMavenResourcesFiltering - Copying 0 resource from src\main\resources to target\classes
2024-02-14 00:47:39,401 [Worker-170: Building] INFO  o.a.m.s.f.DefaultMavenResourcesFiltering - skip non existing resourceDirectory D:\BER\KAIST\SEM6\PEMROGRAMAN PL BERORIENTASI OBJEK 3\tugas1\LASTBENERANDRAWAL\simple-blog\src\test\resources
2024-02-14 00:48:38,765 [Worker-169: Building] INFO  o.a.m.s.f.DefaultMavenResourcesFiltering - Copying 1 resource from src\main\resources to target\classes
2024-02-14 00:48:38,805 [Worker-169: Building] INFO  o.a.m.s.f.DefaultMavenResourcesFiltering - Copying 4 resources from src\main\resources to target\classes
2024-02-14 00:48:38,816 [Worker-169: Building] INFO  o.a.m.s.f.DefaultMavenResourcesFiltering - skip non existing resourceDirectory D:\BER\KAIST\SEM6\PEMROGRAMAN PL BERORIENTASI OBJEK 3\tugas1\LASTBENERANDRAWAL\simple-blog\src\test\resources
2024-02-14 00:48:57,317 [Worker-172: Building] INFO  o.a.m.s.f.DefaultMavenResourcesFiltering - Copying 1 resource from src\main\resources to target\classes
2024-02-14 00:48:57,352 [Worker-172: Building] INFO  o.a.m.s.f.DefaultMavenResourcesFiltering - Copying 4 resources from src\main\resources to target\classes
2024-02-14 00:48:57,358 [Worker-172: Building] INFO  o.a.m.s.f.DefaultMavenResourcesFiltering - skip non existing resourceDirectory D:\BER\KAIST\SEM6\PEMROGRAMAN PL BERORIENTASI OBJEK 3\tugas1\LASTBENERANDRAWAL\simple-blog\src\test\resources
2024-02-14 01:01:29,841 [Worker-181: Building] INFO  o.a.m.s.f.DefaultMavenResourcesFiltering - Copying 1 resource from src\main\resources to target\classes
2024-02-14 01:01:29,870 [Worker-181: Building] INFO  o.a.m.s.f.DefaultMavenResourcesFiltering - Copying 4 resources from src\main\resources to target\classes
2024-02-14 01:01:29,877 [Worker-181: Building] INFO  o.a.m.s.f.DefaultMavenResourcesFiltering - skip non existing resourceDirectory D:\BER\KAIST\SEM6\PEMROGRAMAN PL BERORIENTASI OBJEK 3\tugas1\LASTBENERANDRAWAL\simple-blog\src\test\resources
2024-02-14 01:07:19,904 [Worker-190: Building] INFO  o.a.m.s.f.DefaultMavenResourcesFiltering - Copying 1 resource from src\main\resources to target\classes
2024-02-14 01:07:19,989 [Worker-190: Building] INFO  o.a.m.s.f.DefaultMavenResourcesFiltering - Copying 4 resources from src\main\resources to target\classes
2024-02-14 01:07:20,006 [Worker-190: Building] INFO  o.a.m.s.f.DefaultMavenResourcesFiltering - skip non existing resourceDirectory D:\BER\KAIST\SEM6\PEMROGRAMAN PL BERORIENTASI OBJEK 3\tugas1\LASTBENERANDRAWAL\simple-blog\src\test\resources
2024-02-14 01:08:42,482 [Worker-193: Building] INFO  o.a.m.s.f.DefaultMavenResourcesFiltering - Copying 1 resource from src\main\resources to target\classes
2024-02-14 01:08:42,503 [Worker-193: Building] INFO  o.a.m.s.f.DefaultMavenResourcesFiltering - Copying 4 resources from src\main\resources to target\classes
2024-02-14 01:08:42,506 [Worker-193: Building] INFO  o.a.m.s.f.DefaultMavenResourcesFiltering - skip non existing resourceDirectory D:\BER\KAIST\SEM6\PEMROGRAMAN PL BERORIENTASI OBJEK 3\tugas1\LASTBENERANDRAWAL\simple-blog\src\test\resources
2024-02-14 01:12:53,251 [Worker-193: Building] INFO  o.a.m.s.f.DefaultMavenResourcesFiltering - Copying 1 resource from src\main\resources to target\classes
2024-02-14 01:12:53,420 [Worker-193: Building] INFO  o.a.m.s.f.DefaultMavenResourcesFiltering - Copying 4 resources from src\main\resources to target\classes
2024-02-14 01:12:53,427 [Worker-193: Building] INFO  o.a.m.s.f.DefaultMavenResourcesFiltering - skip non existing resourceDirectory D:\BER\KAIST\SEM6\PEMROGRAMAN PL BERORIENTASI OBJEK 3\tugas1\LASTBENERANDRAWAL\simple-blog\src\test\resources
2024-02-14 01:13:30,276 [Worker-194: Building] INFO  o.a.m.s.f.DefaultMavenResourcesFiltering - Copying 1 resource from src\main\resources to target\classes
2024-02-14 01:13:30,300 [Worker-194: Building] INFO  o.a.m.s.f.DefaultMavenResourcesFiltering - Copying 4 resources from src\main\resources to target\classes
2024-02-14 01:13:30,307 [Worker-194: Building] INFO  o.a.m.s.f.DefaultMavenResourcesFiltering - skip non existing resourceDirectory D:\BER\KAIST\SEM6\PEMROGRAMAN PL BERORIENTASI OBJEK 3\tugas1\LASTBENERANDRAWAL\simple-blog\src\test\resources
2024-02-14 01:13:38,275 [Worker-185: Building] INFO  o.a.m.s.f.DefaultMavenResourcesFiltering - Copying 1 resource from src\main\resources to target\classes
2024-02-14 01:13:38,342 [Worker-185: Building] INFO  o.a.m.s.f.DefaultMavenResourcesFiltering - Copying 4 resources from src\main\resources to target\classes
2024-02-14 01:13:38,354 [Worker-185: Building] INFO  o.a.m.s.f.DefaultMavenResourcesFiltering - skip non existing resourceDirectory D:\BER\KAIST\SEM6\PEMROGRAMAN PL BERORIENTASI OBJEK 3\tugas1\LASTBENERANDRAWAL\simple-blog\src\test\resources
2024-02-14 01:16:45,097 [Worker-197: Building] INFO  o.a.m.s.f.DefaultMavenResourcesFiltering - Copying 1 resource from src\main\resources to target\classes
2024-02-14 01:16:45,218 [Worker-197: Building] INFO  o.a.m.s.f.DefaultMavenResourcesFiltering - Copying 4 resources from src\main\resources to target\classes
2024-02-14 01:16:45,225 [Worker-197: Building] INFO  o.a.m.s.f.DefaultMavenResourcesFiltering - skip non existing resourceDirectory D:\BER\KAIST\SEM6\PEMROGRAMAN PL BERORIENTASI OBJEK 3\tugas1\LASTBENERANDRAWAL\simple-blog\src\test\resources
2024-02-14 01:18:17,429 [Worker-198: Building] INFO  o.a.m.s.f.DefaultMavenResourcesFiltering - Copying 1 resource from src\main\resources to target\classes
2024-02-14 01:18:17,685 [Worker-198: Building] INFO  o.a.m.s.f.DefaultMavenResourcesFiltering - Copying 4 resources from src\main\resources to target\classes
2024-02-14 01:18:17,692 [Worker-198: Building] INFO  o.a.m.s.f.DefaultMavenResourcesFiltering - skip non existing resourceDirectory D:\BER\KAIST\SEM6\PEMROGRAMAN PL BERORIENTASI OBJEK 3\tugas1\LASTBENERANDRAWAL\simple-blog\src\test\resources
2024-02-14 01:18:51,036 [Worker-195: Building] INFO  o.a.m.s.f.DefaultMavenResourcesFiltering - Copying 1 resource from src\main\resources to target\classes
2024-02-14 01:18:51,110 [Worker-195: Building] INFO  o.a.m.s.f.DefaultMavenResourcesFiltering - Copying 4 resources from src\main\resources to target\classes
2024-02-14 01:18:51,120 [Worker-195: Building] INFO  o.a.m.s.f.DefaultMavenResourcesFiltering - skip non existing resourceDirectory D:\BER\KAIST\SEM6\PEMROGRAMAN PL BERORIENTASI OBJEK 3\tugas1\LASTBENERANDRAWAL\simple-blog\src\test\resources
2024-02-14 01:19:46,002 [Worker-195: Building] INFO  o.a.m.s.f.DefaultMavenResourcesFiltering - Copying 1 resource from src\main\resources to target\classes
2024-02-14 01:19:46,072 [Worker-195: Building] INFO  o.a.m.s.f.DefaultMavenResourcesFiltering - Copying 4 resources from src\main\resources to target\classes
2024-02-14 01:19:46,079 [Worker-195: Building] INFO  o.a.m.s.f.DefaultMavenResourcesFiltering - skip non existing resourceDirectory D:\BER\KAIST\SEM6\PEMROGRAMAN PL BERORIENTASI OBJEK 3\tugas1\LASTBENERANDRAWAL\simple-blog\src\test\resources
2024-02-14 01:20:04,901 [Worker-200: Building] INFO  o.a.m.s.f.DefaultMavenResourcesFiltering - Copying 1 resource from src\main\resources to target\classes
2024-02-14 01:20:04,952 [Worker-200: Building] INFO  o.a.m.s.f.DefaultMavenResourcesFiltering - Copying 4 resources from src\main\resources to target\classes
2024-02-14 01:20:04,958 [Worker-200: Building] INFO  o.a.m.s.f.DefaultMavenResourcesFiltering - skip non existing resourceDirectory D:\BER\KAIST\SEM6\PEMROGRAMAN PL BERORIENTASI OBJEK 3\tugas1\LASTBENERANDRAWAL\simple-blog\src\test\resources
2024-02-14 01:20:58,710 [Worker-199: Building] INFO  o.a.m.s.f.DefaultMavenResourcesFiltering - Copying 1 resource from src\main\resources to target\classes
2024-02-14 01:20:58,785 [Worker-199: Building] INFO  o.a.m.s.f.DefaultMavenResourcesFiltering - Copying 4 resources from src\main\resources to target\classes
2024-02-14 01:20:58,793 [Worker-199: Building] INFO  o.a.m.s.f.DefaultMavenResourcesFiltering - skip non existing resourceDirectory D:\BER\KAIST\SEM6\PEMROGRAMAN PL BERORIENTASI OBJEK 3\tugas1\LASTBENERANDRAWAL\simple-blog\src\test\resources
2024-02-14 01:21:24,422 [Worker-199: Building] INFO  o.a.m.s.f.DefaultMavenResourcesFiltering - Copying 1 resource from src\main\resources to target\classes
2024-02-14 01:21:24,529 [Worker-199: Building] INFO  o.a.m.s.f.DefaultMavenResourcesFiltering - Copying 4 resources from src\main\resources to target\classes
2024-02-14 01:21:24,536 [Worker-199: Building] INFO  o.a.m.s.f.DefaultMavenResourcesFiltering - skip non existing resourceDirectory D:\BER\KAIST\SEM6\PEMROGRAMAN PL BERORIENTASI OBJEK 3\tugas1\LASTBENERANDRAWAL\simple-blog\src\test\resources
2024-02-14 01:22:59,498 [Worker-199: Building] INFO  o.a.m.s.f.DefaultMavenResourcesFiltering - Copying 1 resource from src\main\resources to target\classes
2024-02-14 01:22:59,539 [Worker-199: Building] INFO  o.a.m.s.f.DefaultMavenResourcesFiltering - Copying 4 resources from src\main\resources to target\classes
2024-02-14 01:22:59,546 [Worker-199: Building] INFO  o.a.m.s.f.DefaultMavenResourcesFiltering - skip non existing resourceDirectory D:\BER\KAIST\SEM6\PEMROGRAMAN PL BERORIENTASI OBJEK 3\tugas1\LASTBENERANDRAWAL\simple-blog\src\test\resources
2024-02-14 01:27:09,939 [Worker-202: Building] INFO  o.a.m.s.f.DefaultMavenResourcesFiltering - Copying 1 resource from src\main\resources to target\classes
2024-02-14 01:27:10,000 [Worker-202: Building] INFO  o.a.m.s.f.DefaultMavenResourcesFiltering - Copying 4 resources from src\main\resources to target\classes
2024-02-14 01:27:10,005 [Worker-202: Building] INFO  o.a.m.s.f.DefaultMavenResourcesFiltering - skip non existing resourceDirectory D:\BER\KAIST\SEM6\PEMROGRAMAN PL BERORIENTASI OBJEK 3\tugas1\LASTBENERANDRAWAL\simple-blog\src\test\resources
2024-02-14 01:29:08,469 [Worker-202: Building] INFO  o.a.m.s.f.DefaultMavenResourcesFiltering - Copying 1 resource from src\main\resources to target\classes
2024-02-14 01:29:08,497 [Worker-202: Building] INFO  o.a.m.s.f.DefaultMavenResourcesFiltering - Copying 4 resources from src\main\resources to target\classes
2024-02-14 01:29:08,506 [Worker-202: Building] INFO  o.a.m.s.f.DefaultMavenResourcesFiltering - skip non existing resourceDirectory D:\BER\KAIST\SEM6\PEMROGRAMAN PL BERORIENTASI OBJEK 3\tugas1\LASTBENERANDRAWAL\simple-blog\src\test\resources
2024-02-14 14:25:28,016 [Worker-2: Loading available Gradle versions] INFO  o.e.b.c.i.u.g.PublishedGradleVersions - Gradle version information cache is out-of-date. Trying to update.
2024-02-14 14:49:51,753 [Worker-22: Building] INFO  o.a.m.s.f.DefaultMavenResourcesFiltering - Copying 1 resource from src\main\resources to target\classes
2024-02-14 14:49:52,064 [Worker-22: Building] INFO  o.a.m.s.f.DefaultMavenResourcesFiltering - Copying 4 resources from src\main\resources to target\classes
2024-02-14 14:49:52,095 [Worker-22: Building] INFO  o.a.m.s.f.DefaultMavenResourcesFiltering - skip non existing resourceDirectory D:\BER\KAIST\SEM6\PEMROGRAMAN PL BERORIENTASI OBJEK 3\tugas1\LASTBENERANDRAWAL\simple-blog\src\test\resources
2024-02-14 14:50:35,765 [Worker-22: Building] INFO  o.a.m.s.f.DefaultMavenResourcesFiltering - Copying 1 resource from src\main\resources to target\classes
2024-02-14 14:50:35,784 [Worker-22: Building] INFO  o.a.m.s.f.DefaultMavenResourcesFiltering - Copying 4 resources from src\main\resources to target\classes
2024-02-14 14:50:35,793 [Worker-22: Building] INFO  o.a.m.s.f.DefaultMavenResourcesFiltering - skip non existing resourceDirectory D:\BER\KAIST\SEM6\PEMROGRAMAN PL BERORIENTASI OBJEK 3\tugas1\LASTBENERANDRAWAL\simple-blog\src\test\resources
2024-02-14 14:55:09,153 [Worker-33: Building] INFO  o.a.m.s.f.DefaultMavenResourcesFiltering - Copying 1 resource from src\main\resources to target\classes
2024-02-14 14:55:09,263 [Worker-33: Building] INFO  o.a.m.s.f.DefaultMavenResourcesFiltering - Copying 4 resources from src\main\resources to target\classes
2024-02-14 14:55:09,269 [Worker-33: Building] INFO  o.a.m.s.f.DefaultMavenResourcesFiltering - skip non existing resourceDirectory D:\BER\KAIST\SEM6\PEMROGRAMAN PL BERORIENTASI OBJEK 3\tugas1\LASTBENERANDRAWAL\simple-blog\src\test\resources
2024-02-14 14:55:26,585 [Worker-32: Building] INFO  o.a.m.s.f.DefaultMavenResourcesFiltering - Copying 1 resource from src\main\resources to target\classes
2024-02-14 14:55:26,632 [Worker-32: Building] INFO  o.a.m.s.f.DefaultMavenResourcesFiltering - Copying 4 resources from src\main\resources to target\classes
2024-02-14 14:55:26,636 [Worker-32: Building] INFO  o.a.m.s.f.DefaultMavenResourcesFiltering - skip non existing resourceDirectory D:\BER\KAIST\SEM6\PEMROGRAMAN PL BERORIENTASI OBJEK 3\tugas1\LASTBENERANDRAWAL\simple-blog\src\test\resources
2024-02-14 14:55:52,628 [Worker-32: Building] INFO  o.a.m.s.f.DefaultMavenResourcesFiltering - Copying 1 resource from src\main\resources to target\classes
2024-02-14 14:55:52,689 [Worker-32: Building] INFO  o.a.m.s.f.DefaultMavenResourcesFiltering - Copying 4 resources from src\main\resources to target\classes
2024-02-14 14:55:52,704 [Worker-32: Building] INFO  o.a.m.s.f.DefaultMavenResourcesFiltering - skip non existing resourceDirectory D:\BER\KAIST\SEM6\PEMROGRAMAN PL BERORIENTASI OBJEK 3\tugas1\LASTBENERANDRAWAL\simple-blog\src\test\resources
2024-02-14 14:59:24,895 [Worker-38: Building] INFO  o.a.m.s.f.DefaultMavenResourcesFiltering - Copying 1 resource from src\main\resources to target\classes
2024-02-14 14:59:24,980 [Worker-38: Building] INFO  o.a.m.s.f.DefaultMavenResourcesFiltering - Copying 4 resources from src\main\resources to target\classes
2024-02-14 14:59:24,987 [Worker-38: Building] INFO  o.a.m.s.f.DefaultMavenResourcesFiltering - skip non existing resourceDirectory D:\BER\KAIST\SEM6\PEMROGRAMAN PL BERORIENTASI OBJEK 3\tugas1\LASTBENERANDRAWAL\simple-blog\src\test\resources
2024-02-14 15:01:01,408 [Worker-40: Building] INFO  o.a.m.s.f.DefaultMavenResourcesFiltering - Copying 1 resource from src\main\resources to target\classes
2024-02-14 15:01:01,473 [Worker-40: Building] INFO  o.a.m.s.f.DefaultMavenResourcesFiltering - Copying 4 resources from src\main\resources to target\classes
2024-02-14 15:01:01,483 [Worker-40: Building] INFO  o.a.m.s.f.DefaultMavenResourcesFiltering - skip non existing resourceDirectory D:\BER\KAIST\SEM6\PEMROGRAMAN PL BERORIENTASI OBJEK 3\tugas1\LASTBENERANDRAWAL\simple-blog\src\test\resources
2024-02-14 15:01:46,061 [Worker-34: Building] INFO  o.a.m.s.f.DefaultMavenResourcesFiltering - Copying 1 resource from src\main\resources to target\classes
2024-02-14 15:01:46,110 [Worker-34: Building] INFO  o.a.m.s.f.DefaultMavenResourcesFiltering - Copying 4 resources from src\main\resources to target\classes
2024-02-14 15:01:46,123 [Worker-34: Building] INFO  o.a.m.s.f.DefaultMavenResourcesFiltering - skip non existing resourceDirectory D:\BER\KAIST\SEM6\PEMROGRAMAN PL BERORIENTASI OBJEK 3\tugas1\LASTBENERANDRAWAL\simple-blog\src\test\resources
2024-02-14 15:02:44,963 [Worker-34: Building] INFO  o.a.m.s.f.DefaultMavenResourcesFiltering - Copying 1 resource from src\main\resources to target\classes
2024-02-14 15:02:44,999 [Worker-34: Building] INFO  o.a.m.s.f.DefaultMavenResourcesFiltering - Copying 4 resources from src\main\resources to target\classes
2024-02-14 15:02:45,006 [Worker-34: Building] INFO  o.a.m.s.f.DefaultMavenResourcesFiltering - skip non existing resourceDirectory D:\BER\KAIST\SEM6\PEMROGRAMAN PL BERORIENTASI OBJEK 3\tugas1\LASTBENERANDRAWAL\simple-blog\src\test\resources
2024-02-14 15:08:53,018 [Worker-43: Building] INFO  o.a.m.s.f.DefaultMavenResourcesFiltering - Copying 1 resource from src\main\resources to target\classes
2024-02-14 15:08:53,148 [Worker-43: Building] INFO  o.a.m.s.f.DefaultMavenResourcesFiltering - Copying 4 resources from src\main\resources to target\classes
2024-02-14 15:08:53,160 [Worker-43: Building] INFO  o.a.m.s.f.DefaultMavenResourcesFiltering - skip non existing resourceDirectory D:\BER\KAIST\SEM6\PEMROGRAMAN PL BERORIENTASI OBJEK 3\tugas1\LASTBENERANDRAWAL\simple-blog\src\test\resources
2024-02-14 15:09:40,480 [Worker-43: Building] INFO  o.a.m.s.f.DefaultMavenResourcesFiltering - Copying 1 resource from src\main\resources to target\classes
2024-02-14 15:09:40,502 [Worker-43: Building] INFO  o.a.m.s.f.DefaultMavenResourcesFiltering - Copying 4 resources from src\main\resources to target\classes
2024-02-14 15:09:40,509 [Worker-43: Building] INFO  o.a.m.s.f.DefaultMavenResourcesFiltering - skip non existing resourceDirectory D:\BER\KAIST\SEM6\PEMROGRAMAN PL BERORIENTASI OBJEK 3\tugas1\LASTBENERANDRAWAL\simple-blog\src\test\resources
2024-02-14 15:17:28,159 [Worker-48: Building] INFO  o.a.m.s.f.DefaultMavenResourcesFiltering - Copying 1 resource from src\main\resources to target\classes
2024-02-14 15:17:28,403 [Worker-48: Building] INFO  o.a.m.s.f.DefaultMavenResourcesFiltering - Copying 4 resources from src\main\resources to target\classes
2024-02-14 15:17:28,418 [Worker-48: Building] INFO  o.a.m.s.f.DefaultMavenResourcesFiltering - skip non existing resourceDirectory D:\BER\KAIST\SEM6\PEMROGRAMAN PL BERORIENTASI OBJEK 3\tugas1\LASTBENERANDRAWAL\simple-blog\src\test\resources
